Exception running behaviour OneShotBehaviour/LoadsManager: UNIQUE constraint failed: device.id
Traceback (most recent call last):
  File "/home/salvatore/.local/lib/python3.7/site-packages/spade/behaviour.py", line 259, in _step
    await self._run()
  File "/home/salvatore/.local/lib/python3.7/site-packages/spade/behaviour.py", line 248, in _run
    await self.run()
  File "/home/salvatore/git/GCSimulator/Simulator/bin/externalSourceAgent.py", line 748, in run
    createTable()
  File "/home/salvatore/git/GCSimulator/Simulator/bin/externalSourceAgent.py", line 241, in createTable
    cursor.execute(query,(deviceId,houseId,name,type,type,))
sqlite3.IntegrityError: UNIQUE constraint failed: device.id

ReceiverAgent started
Agent External Agent Starting
/home/salvatore/git/GCSimulator/Simulator
12_12_15
/home/salvatore/git/GCSimulator/Simulator/Simulations/12_12_15_26
/home/salvatore/git/GCSimulator/Simulator
creo: /home/salvatore/git/GCSimulator/Simulator/Simulations/12_12_15_26/output
List Created.
Information Added.
12_12_15_26
2015-12-12 00:00:00
Information Uploaded.
ddddd /home/salvatore/git/GCSimulator/Simulator/Simulations/12_12_15_26
SenderAgent started
InformBehav running
ReceiverAgent started
Agent External Agent Starting
/home/salvatore/git/GCSimulator/Simulator
12_12_15
/home/salvatore/git/GCSimulator/Simulator/Simulations/12_12_15_74
/home/salvatore/git/GCSimulator/Simulator
creo: /home/salvatore/git/GCSimulator/Simulator/Simulations/12_12_15_74/output
List Created.
Information Added.
12_12_15_74
2015-12-12 00:00:00
Information Uploaded.
SenderAgent started
InformBehav running
ReceiverAgent started
Agent External Agent Starting
/home/salvatore/git/GCSimulator/Simulator
12_12_15
/home/salvatore/git/GCSimulator/Simulator/Simulations/12_12_15_75
/home/salvatore/git/GCSimulator/Simulator
creo: /home/salvatore/git/GCSimulator/Simulator/Simulations/12_12_15_75/output
List Created.
Information Added.
12_12_15_75
2015-12-12 00:00:00
Information Uploaded.
SenderAgent started
InformBehav running
Exception running behaviour PeriodicBehaviour/consumeEvent: invalid literal for int() with base 10: '[7]:[3]'
Traceback (most recent call last):
  File "/home/salvatore/.local/lib/python3.7/site-packages/spade/behaviour.py", line 259, in _step
    await self._run()
  File "/home/salvatore/.local/lib/python3.7/site-packages/spade/behaviour.py", line 396, in _run
    await self.run()
  File "/home/salvatore/git/GCSimulator/Simulator/bin/dispatcher.py", line 300, in run
    newTime = str(int(messageFromScheduler.body.split(" ")[2])+int(delta))
ValueError: invalid literal for int() with base 10: '[7]:[3]'

